\BOOKMARK [1][-]{section.1}{\376\377\151\202\217\360}{}% 1
\BOOKMARK [2][-]{subsection.1.1}{\376\377\133\236\232\214\166\356\166\204}{section.1}% 2
\BOOKMARK [2][-]{subsection.1.2}{\376\377\134\017\176\304\122\006\135\345}{section.1}% 3
\BOOKMARK [2][-]{subsection.1.3}{\376\377\133\236\232\214\163\257\130\203}{section.1}% 4
\BOOKMARK [1][-]{section.2}{\376\377\133\236\232\214\116\000\377\032\155\361\121\145\116\206\211\343\177\026\213\321\155\101\172\013\124\214\177\026\213\321\126\150\122\237\200\375}{}% 5
\BOOKMARK [2][-]{subsection.2.1}{\376\377\140\073\155\101\172\013}{section.2}% 6
\BOOKMARK [2][-]{subsection.2.2}{\376\377\230\204\131\004\164\006\126\150}{section.2}% 7
\BOOKMARK [3][-]{subsubsection.2.2.1}{\376\377\230\204\131\004\164\006\166\204\121\167\117\123\122\237\200\375}{subsection.2.2}% 8
\BOOKMARK [3][-]{subsubsection.2.2.2}{\376\377\217\333\210\114\230\204\131\004\164\006\136\166\232\214\213\301\122\237\200\375}{subsection.2.2}% 9
\BOOKMARK [2][-]{subsection.2.3}{\376\377\177\026\213\321\126\150}{section.2}% 10
\BOOKMARK [3][-]{subsubsection.2.3.1}{\376\377\213\315\154\325\122\006\147\220}{subsection.2.3}% 11
\BOOKMARK [3][-]{subsubsection.2.3.2}{\376\377\213\355\154\325\122\006\147\220}{subsection.2.3}% 12
\BOOKMARK [3][-]{subsubsection.2.3.3}{\376\377\213\355\116\111\122\006\147\220}{subsection.2.3}% 13
\BOOKMARK [3][-]{subsubsection.2.3.4}{\376\377\116\055\225\364\116\343\170\001\165\037\142\020}{subsection.2.3}% 14
\BOOKMARK [3][-]{subsubsection.2.3.5}{\376\377\116\343\170\001\117\030\123\026}{subsection.2.3}% 15
\BOOKMARK [3][-]{subsubsection.2.3.6}{\376\377\116\343\170\001\165\037\142\020}{subsection.2.3}% 16
\BOOKMARK [2][-]{subsection.2.4}{\376\377\154\107\177\026\126\150}{section.2}% 17
\BOOKMARK [3][-]{subsubsection.2.4.1}{\376\377\154\107\177\026\126\150\166\204\121\167\117\123\122\237\200\375}{subsection.2.4}% 18
\BOOKMARK [3][-]{subsubsection.2.4.2}{\376\377\123\315\154\107\177\026\116\016\154\107\177\026\172\013\136\217\122\006\147\220}{subsection.2.4}% 19
\BOOKMARK [2][-]{subsection.2.5}{\376\377\224\376\143\245\126\150}{section.2}% 20
\BOOKMARK [2][-]{subsection.2.6}{\376\377\217\320\210\114\172\013\136\217}{section.2}% 21
\BOOKMARK [1][-]{section.3}{\376\377\133\236\232\214\116\214\377\032\000L\000L\000V\000M\000\040\000I\000R\177\026\172\013}{}% 22
\BOOKMARK [2][-]{subsection.3.1}{\376\377\000S\000y\000s\000Y\172\013\136\217\177\026\121\231}{section.3}% 23
\BOOKMARK [2][-]{subsection.3.2}{\376\377\000L\000L\000V\000M\000\040\000I\000R\177\026\172\013}{section.3}% 24
\BOOKMARK [1][-]{section.4}{\376\377\133\236\232\214\116\011\377\032\000A\000R\000M\000\040\154\107\177\026\177\026\172\013}{}% 25
\BOOKMARK [2][-]{subsection.4.1}{\376\377\000S\000y\000s\000Y\172\013\136\217}{section.4}% 26
\BOOKMARK [2][-]{subsection.4.2}{\376\377\000A\000R\000M\000\040\154\107\177\026\116\343\170\001\213\276\213\241\217\307\172\013}{section.4}% 27
\BOOKMARK [2][-]{subsection.4.3}{\376\377\000A\000R\000M\000\040\154\107\177\026\116\343\170\001\176\374\124\010\134\125\171\072}{section.4}% 28
\BOOKMARK [2][-]{subsection.4.4}{\376\377\153\143\170\156\140\047\232\214\213\301}{section.4}% 29
\BOOKMARK [2][-]{subsection.4.5}{\376\377\140\035\200\003\116\016\124\057\123\321}{section.4}% 30
\BOOKMARK [1][-]{section.5}{\376\377\140\073\176\323}{}% 31
